<?xml version="1.0" encoding="utf-8"?><testsuites name="pytest tests"><testsuite name="pytest" errors="0" failures="1" skipped="0" tests="1" time="0.167" timestamp="2026-03-19T02:21:16.391866-04:00" hostname="fedora"><testcase classname="tests.test_models.TestDimensionScoreCreate" name="test_auto_weight_assignment" time="0.001"><failure message="AssertionError: assert 0.18 == 0.25&#10; +  where 0.18 = DimensionScoreCreate(assessment_id=UUID('b1000000-0000-0000-0000-000000000001'), dimension=&lt;Dimension.DATA_INFRASTRUCTURE: 'data_infrastructure'&gt;, score=80.0, weight=0.18, confidence=0.8, evidence_count=0).weight">self = &lt;tests.test_models.TestDimensionScoreCreate object at 0x7f227cb9e910&gt;
sample_assessment_id = 'b1000000-0000-0000-0000-000000000001'

    def test_auto_weight_assignment(self, sample_assessment_id):
        """Test that weight is auto-assigned based on dimension."""
        data = {"assessment_id": sample_assessment_id, "dimension": "data_infrastructure", "score": 80.0}
        score = DimensionScoreCreate(**data)
&gt;       assert score.weight == 0.25
E       AssertionError: assert 0.18 == 0.25
E        +  where 0.18 = DimensionScoreCreate(assessment_id=UUID('b1000000-0000-0000-0000-000000000001'), dimension=&lt;Dimension.DATA_INFRASTRUCTURE: 'data_infrastructure'&gt;, score=80.0, weight=0.18, confidence=0.8, evidence_count=0).weight

tests/test_models.py:126: AssertionError</failure></testcase></testsuite></testsuites>